<?xml version="1.0" encoding="UTF-8"?>
<testng-results total="2" passed="2" failed="0" skipped="0">
  <reporter-output>
  </reporter-output>
  <suite started-at="2022-04-05T10:08:03Z" name="All Test Suite" finished-at="2022-04-05T10:08:20Z" duration-ms="16521">
    <groups>
      <group name="cucumber">
        <method signature="AbstractTestNGCucumberTests.runScenario(io.cucumber.testng.PickleWrapper, io.cucumber.testng.FeatureWrapper)[pri:0, instance:TestRunner.testRunner@7e9a5fbe]" name="runScenario" class="io.cucumber.testng.AbstractTestNGCucumberTests"/>
      </group>
    </groups>
    <test started-at="2022-04-05T10:08:03Z" name="/home/shilpa/IdeaProjects/ExtentReport" finished-at="2022-04-05T10:08:20Z" duration-ms="16521">
      <class name="TestRunner.testRunner">
        <test-method is-config="true" signature="setUpClass()[pri:0, instance:TestRunner.testRunner@7e9a5fbe]" started-at="2022-04-05T10:08:03Z" name="setUpClass" finished-at="2022-04-05T10:08:05Z" duration-ms="1828" status="PASS">
        </test-method>
        <test-method is-config="true" signature="start()[pri:0, instance:TestRunner.testRunner@7e9a5fbe]" started-at="2022-04-05T10:08:05Z" name="start" finished-at="2022-04-05T10:08:05Z" duration-ms="33" status="PASS">
        </test-method>
        <test-method signature="runScenario(io.cucumber.testng.PickleWrapper, io.cucumber.testng.FeatureWrapper)[pri:0, instance:TestRunner.testRunner@7e9a5fbe]" started-at="2022-04-05T10:08:05Z" name="runScenario" description="Runs Cucumber Scenarios" finished-at="2022-04-05T10:08:16Z" duration-ms="11166" status="PASS">
          <params>
            <param index="0">
              <value>
                <![CDATA["search google.com"]]>
              </value>
            </param>
            <param index="1">
              <value>
                <![CDATA["Optional[Google Test]"]]>
              </value>
            </param>
          </params>
        </test-method>
        <test-method signature="runScenario(io.cucumber.testng.PickleWrapper, io.cucumber.testng.FeatureWrapper)[pri:0, instance:TestRunner.testRunner@7e9a5fbe]" started-at="2022-04-05T10:08:16Z" name="runScenario" description="Runs Cucumber Scenarios" finished-at="2022-04-05T10:08:19Z" duration-ms="2819" status="PASS">
          <params>
            <param index="0">
              <value>
                <![CDATA["check search suggestion"]]>
              </value>
            </param>
            <param index="1">
              <value>
                <![CDATA["Optional[Google Test]"]]>
              </value>
            </param>
          </params>
        </test-method>
        <test-method is-config="true" signature="teardown()[pri:0, instance:TestRunner.testRunner@7e9a5fbe]" started-at="2022-04-05T10:08:19Z" name="teardown" finished-at="2022-04-05T10:08:19Z" duration-ms="549" status="PASS">
        </test-method>
        <test-method is-config="true" signature="tearDownClass()[pri:0, instance:TestRunner.testRunner@7e9a5fbe]" started-at="2022-04-05T10:08:19Z" name="tearDownClass" finished-at="2022-04-05T10:08:20Z" duration-ms="109" status="PASS">
        </test-method>
      </class>
    </test>
  </suite>
</testng-results>
